<?xml version="1.0" encoding="UTF-8"?>
<!-- Generated by org.testng.reporters.JUnitReportReporter -->
<testsuite hostname="LFR035411" failures="0" tests="1" name="highlet.TestHight" time="12.881" errors="0" timestamp="2020-01-16T11:17:13 CET" skipped="0">
  <testcase classname="highlet.TestHight" name="highlightElement" time="12.881"/>
</testsuite> <!-- highlet.TestHight -->
